TN:
SF:src\config\database.js
FNF:0
FNH:0
DA:1,1
DA:2,1
DA:3,1
DA:7,1
DA:9,0
DA:32,1
DA:51,1
LF:7
LH:6
BRDA:7,0,0,0
BRDA:7,0,1,1
BRDA:7,1,0,1
BRDA:7,1,1,1
BRDA:11,2,0,0
BRDA:11,2,1,0
BRDA:12,3,0,0
BRDA:12,3,1,0
BRDA:13,4,0,0
BRDA:13,4,1,0
BRDA:14,5,0,0
BRDA:14,5,1,0
BRDA:15,6,0,0
BRDA:15,6,1,0
BRDA:16,7,0,0
BRDA:16,7,1,0
BRDA:34,8,0,1
BRDA:34,8,1,0
BRDA:35,9,0,0
BRDA:35,9,1,1
BRF:20
BRH:5
end_of_record
TN:
SF:src\config\index.js
FN:24,(anonymous_0)
FNF:1
FNH:0
FNDA:0,(anonymous_0)
DA:1,2
DA:3,2
DA:25,0
DA:26,0
DA:27,0
LF:5
LH:2
BRDA:5,0,0,2
BRDA:5,0,1,0
BRDA:6,1,0,2
BRDA:6,1,1,0
BRDA:7,2,0,2
BRDA:7,2,1,0
BRDA:12,3,0,2
BRDA:12,3,1,0
BRDA:15,4,0,2
BRDA:15,4,1,0
BRDA:16,5,0,2
BRDA:16,5,1,0
BRDA:17,6,0,2
BRDA:17,6,1,0
BRDA:18,7,0,2
BRDA:18,7,1,0
BRDA:19,8,0,2
BRDA:19,8,1,0
BRDA:20,9,0,2
BRDA:20,9,1,2
BRDA:24,10,0,2
BRDA:24,10,1,0
BRDA:29,11,0,2
BRDA:29,11,1,0
BRDA:36,12,0,2
BRDA:36,12,1,2
BRDA:37,13,0,2
BRDA:37,13,1,2
BRDA:38,14,0,2
BRDA:38,14,1,2
BRDA:42,15,0,2
BRDA:42,15,1,0
BRDA:43,16,0,2
BRDA:43,16,1,0
BRDA:44,17,0,2
BRDA:44,17,1,0
BRDA:50,18,0,2
BRDA:50,18,1,0
BRDA:62,19,0,2
BRDA:62,19,1,0
BRDA:63,20,0,2
BRDA:63,20,1,0
BRF:42
BRH:25
end_of_record
TN:
SF:src\controllers\pagosController.js
FN:10,(anonymous_0)
FN:59,(anonymous_1)
FN:87,(anonymous_2)
FN:211,(anonymous_3)
FN:212,(anonymous_4)
FN:220,(anonymous_5)
FN:293,(anonymous_6)
FN:396,(anonymous_7)
FN:397,(anonymous_8)
FN:410,(anonymous_9)
FN:477,(anonymous_10)
FN:484,(anonymous_11)
FN:490,(anonymous_12)
FN:495,(anonymous_13)
FNF:14
FNH:0
FNDA:0,(anonymous_0)
FNDA:0,(anonymous_1)
FNDA:0,(anonymous_2)
FNDA:0,(anonymous_3)
FNDA:0,(anonymous_4)
FNDA:0,(anonymous_5)
FNDA:0,(anonymous_6)
FNDA:0,(anonymous_7)
FNDA:0,(anonymous_8)
FNDA:0,(anonymous_9)
FNDA:0,(anonymous_10)
FNDA:0,(anonymous_11)
FNDA:0,(anonymous_12)
FNDA:0,(anonymous_13)
DA:1,1
DA:2,1
DA:3,1
DA:4,1
DA:5,1
DA:6,1
DA:8,1
DA:18,0
DA:21,0
DA:22,0
DA:23,0
DA:25,0
DA:26,0
DA:27,0
DA:29,0
DA:30,0
DA:31,0
DA:35,0
DA:36,0
DA:37,0
DA:41,0
DA:44,0
DA:59,0
DA:60,0
DA:61,0
DA:62,0
DA:63,0
DA:64,0
DA:66,0
DA:70,0
DA:72,0
DA:88,0
DA:90,0
DA:91,0
DA:94,0
DA:95,0
DA:98,0
DA:99,0
DA:101,0
DA:113,0
DA:114,0
DA:118,0
DA:121,0
DA:122,0
DA:126,0
DA:130,0
DA:131,0
DA:133,0
DA:136,0
DA:141,0
DA:152,0
DA:153,0
DA:154,0
DA:155,0
DA:160,0
DA:168,0
DA:169,0
DA:170,0
DA:171,0
DA:176,0
DA:183,0
DA:186,0
DA:195,0
DA:202,0
DA:211,0
DA:212,0
DA:221,0
DA:223,0
DA:225,0
DA:226,0
DA:229,0
DA:231,0
DA:232,0
DA:236,0
DA:237,0
DA:238,0
DA:241,0
DA:244,0
DA:252,0
DA:253,0
DA:257,0
DA:258,0
DA:267,0
DA:268,0
DA:270,0
DA:273,0
DA:274,0
DA:276,0
DA:279,0
DA:281,0
DA:284,0
DA:287,0
DA:288,0
DA:297,0
DA:299,0
DA:301,0
DA:323,0
DA:324,0
DA:326,0
DA:327,0
DA:329,0
DA:330,0
DA:333,0
DA:344,0
DA:345,0
DA:346,0
DA:351,0
DA:358,0
DA:359,0
DA:360,0
DA:365,0
DA:372,0
DA:377,0
DA:380,0
DA:387,0
DA:396,0
DA:397,0
DA:404,0
DA:405,0
DA:412,0
DA:414,0
DA:427,0
DA:437,0
DA:451,0
DA:472,0
DA:477,0
DA:484,0
DA:490,0
DA:495,0
DA:509,1
LF:130
LH:8
BRDA:22,0,0,0
BRDA:22,0,1,0
BRDA:25,1,0,0
BRDA:25,1,1,0
BRDA:26,2,0,0
BRDA:26,2,1,0
BRDA:29,3,0,0
BRDA:29,3,1,0
BRDA:30,4,0,0
BRDA:30,4,1,0
BRDA:36,5,0,0
BRDA:36,5,1,0
BRDA:64,6,0,0
BRDA:64,6,1,0
BRDA:88,7,0,0
BRDA:88,8,0,0
BRDA:90,9,0,0
BRDA:90,9,1,0
BRDA:90,10,0,0
BRDA:90,10,1,0
BRDA:113,11,0,0
BRDA:113,11,1,0
BRDA:121,12,0,0
BRDA:121,12,1,0
BRDA:121,13,0,0
BRDA:121,13,1,0
BRDA:152,14,0,0
BRDA:152,14,1,0
BRDA:168,15,0,0
BRDA:168,15,1,0
BRDA:225,16,0,0
BRDA:225,16,1,0
BRDA:231,17,0,0
BRDA:231,17,1,0
BRDA:237,18,0,0
BRDA:237,18,1,0
BRDA:252,19,0,0
BRDA:252,19,1,0
BRDA:257,20,0,0
BRDA:257,20,1,0
BRDA:279,21,0,0
BRDA:279,21,1,0
BRDA:329,22,0,0
BRDA:329,22,1,0
BRDA:480,23,0,0
BRDA:480,23,1,0
BRDA:487,24,0,0
BRDA:487,24,1,0
BRDA:493,25,0,0
BRDA:493,25,1,0
BRDA:499,26,0,0
BRDA:499,26,1,0
BRDA:501,27,0,0
BRDA:501,27,1,0
BRDA:502,28,0,0
BRDA:502,28,1,0
BRF:56
BRH:0
end_of_record
TN:
SF:src\controllers\sociosController.js
FN:8,(anonymous_0)
FN:69,(anonymous_1)
FN:80,(anonymous_2)
FN:81,(anonymous_3)
FN:82,(anonymous_4)
FN:104,(anonymous_5)
FN:127,(anonymous_6)
FN:128,(anonymous_7)
FN:129,(anonymous_8)
FN:130,(anonymous_9)
FN:131,(anonymous_10)
FN:131,(anonymous_11)
FN:132,(anonymous_12)
FN:132,(anonymous_13)
FN:142,(anonymous_14)
FN:171,(anonymous_15)
FN:211,(anonymous_16)
FN:226,(anonymous_17)
FN:234,(anonymous_18)
FN:248,(anonymous_19)
FN:290,(anonymous_20)
FN:303,(anonymous_21)
FN:313,(anonymous_22)
FNF:23
FNH:1
FNDA:3,(anonymous_0)
FNDA:0,(anonymous_1)
FNDA:0,(anonymous_2)
FNDA:0,(anonymous_3)
FNDA:0,(anonymous_4)
FNDA:0,(anonymous_5)
FNDA:0,(anonymous_6)
FNDA:0,(anonymous_7)
FNDA:0,(anonymous_8)
FNDA:0,(anonymous_9)
FNDA:0,(anonymous_10)
FNDA:0,(anonymous_11)
FNDA:0,(anonymous_12)
FNDA:0,(anonymous_13)
FNDA:0,(anonymous_14)
FNDA:0,(anonymous_15)
FNDA:0,(anonymous_16)
FNDA:0,(anonymous_17)
FNDA:0,(anonymous_18)
FNDA:0,(anonymous_19)
FNDA:0,(anonymous_20)
FNDA:0,(anonymous_21)
FNDA:0,(anonymous_22)
DA:1,1
DA:2,1
DA:3,1
DA:4,1
DA:6,1
DA:16,3
DA:19,3
DA:21,3
DA:22,0
DA:25,3
DA:26,0
DA:29,3
DA:30,1
DA:39,3
DA:45,3
DA:46,0
DA:47,0
DA:51,3
DA:54,3
DA:64,3
DA:65,3
DA:66,3
DA:69,3
DA:70,0
DA:73,0
DA:74,0
DA:77,0
DA:78,0
DA:80,0
DA:81,0
DA:82,0
DA:86,0
DA:89,3
DA:105,0
DA:107,0
DA:115,0
DA:116,0
DA:119,0
DA:120,0
DA:121,0
DA:124,0
DA:125,0
DA:127,0
DA:128,0
DA:129,0
DA:130,0
DA:131,0
DA:132,0
DA:135,0
DA:143,0
DA:146,0
DA:147,0
DA:148,0
DA:152,0
DA:153,0
DA:154,0
DA:157,0
DA:159,0
DA:160,0
DA:161,0
DA:163,0
DA:172,0
DA:173,0
DA:175,0
DA:176,0
DA:177,0
DA:181,0
DA:182,0
DA:183,0
DA:184,0
DA:189,0
DA:190,0
DA:191,0
DA:192,0
DA:196,0
DA:197,0
DA:199,0
DA:200,0
DA:201,0
DA:203,0
DA:212,0
DA:214,0
DA:221,0
DA:222,0
DA:226,0
DA:228,0
DA:229,0
DA:234,0
DA:239,0
DA:241,0
DA:250,0
DA:251,0
DA:252,0
DA:253,0
DA:256,0
DA:265,0
DA:266,0
DA:267,0
DA:268,0
DA:271,0
DA:282,0
DA:290,0
DA:303,0
DA:314,0
DA:316,0
DA:318,0
DA:320,0
DA:331,0
DA:334,0
DA:348,1
LF:110
LH:21
BRDA:21,0,0,0
BRDA:21,0,1,3
BRDA:25,1,0,0
BRDA:25,1,1,3
BRDA:29,2,0,1
BRDA:29,2,1,2
BRDA:45,3,0,0
BRDA:45,3,1,3
BRDA:77,4,0,0
BRDA:77,4,1,0
BRDA:83,5,0,0
BRDA:83,5,1,0
BRDA:115,6,0,0
BRDA:115,6,1,0
BRDA:124,7,0,0
BRDA:124,7,1,0
BRDA:147,8,0,0
BRDA:147,8,1,0
BRDA:153,9,0,0
BRDA:153,9,1,0
BRDA:176,10,0,0
BRDA:176,10,1,0
BRDA:181,11,0,0
BRDA:181,11,1,0
BRDA:181,12,0,0
BRDA:181,12,1,0
BRDA:183,13,0,0
BRDA:183,13,1,0
BRDA:189,14,0,0
BRDA:189,14,1,0
BRDA:189,15,0,0
BRDA:189,15,1,0
BRDA:191,16,0,0
BRDA:191,16,1,0
BRDA:221,17,0,0
BRDA:221,17,1,0
BRDA:226,18,0,0
BRDA:226,18,1,0
BRDA:226,19,0,0
BRDA:226,19,1,0
BRDA:228,20,0,0
BRDA:228,20,1,0
BRDA:300,21,0,0
BRDA:300,21,1,0
BRF:44
BRH:5
end_of_record
TN:
SF:src\middleware\errorHandler.js
FN:5,(anonymous_0)
FN:16,(anonymous_1)
FN:23,(anonymous_2)
FN:29,(anonymous_3)
FN:35,(anonymous_4)
FN:41,(anonymous_5)
FN:47,(anonymous_6)
FN:49,(anonymous_7)
FN:74,(anonymous_8)
FN:138,(anonymous_9)
FN:144,(anonymous_10)
FN:145,(anonymous_11)
FNF:12
FNH:6
FNDA:1,(anonymous_0)
FNDA:0,(anonymous_1)
FNDA:1,(anonymous_2)
FNDA:0,(anonymous_3)
FNDA:0,(anonymous_4)
FNDA:0,(anonymous_5)
FNDA:0,(anonymous_6)
FNDA:0,(anonymous_7)
FNDA:2,(anonymous_8)
FNDA:1,(anonymous_9)
FNDA:12,(anonymous_10)
FNDA:3,(anonymous_11)
DA:1,1
DA:6,1
DA:7,1
DA:8,1
DA:9,1
DA:11,1
DA:17,0
DA:18,0
DA:24,1
DA:30,0
DA:36,0
DA:42,0
DA:47,1
DA:48,0
DA:49,0
DA:54,0
DA:57,0
DA:58,0
DA:59,0
DA:62,0
DA:63,0
DA:66,0
DA:67,0
DA:70,0
DA:74,1
DA:75,2
DA:78,2
DA:79,0
DA:83,2
DA:84,0
DA:87,2
DA:88,0
DA:92,2
DA:93,0
DA:94,0
DA:98,2
DA:99,1
DA:113,2
DA:120,2
DA:121,0
DA:122,0
DA:124,0
DA:125,0
DA:130,2
DA:131,0
DA:134,2
DA:138,1
DA:139,1
DA:140,1
DA:144,1
DA:145,12
DA:146,3
DA:150,1
LF:53
LH:27
BRDA:5,0,0,1
BRDA:16,1,0,0
BRDA:23,2,0,0
BRDA:29,3,0,0
BRDA:35,4,0,0
BRDA:41,5,0,0
BRDA:48,6,0,0
BRDA:48,6,1,0
BRDA:57,7,0,0
BRDA:57,7,1,0
BRDA:58,8,0,0
BRDA:58,8,1,0
BRDA:62,9,0,0
BRDA:62,9,1,0
BRDA:66,10,0,0
BRDA:66,10,1,0
BRDA:78,11,0,0
BRDA:78,11,1,2
BRDA:78,12,0,2
BRDA:78,12,1,2
BRDA:83,13,0,0
BRDA:83,13,1,2
BRDA:87,14,0,0
BRDA:87,14,1,2
BRDA:92,15,0,0
BRDA:92,15,1,2
BRDA:98,16,0,1
BRDA:98,16,1,1
BRDA:98,17,0,2
BRDA:98,17,1,2
BRDA:120,18,0,0
BRDA:120,18,1,2
BRDA:120,19,0,2
BRDA:120,19,1,2
BRDA:121,20,0,0
BRDA:121,20,1,0
BRDA:124,21,0,0
BRDA:124,21,1,0
BRDA:130,22,0,0
BRDA:130,22,1,2
BRDA:130,23,0,2
BRDA:130,23,1,0
BRF:42
BRH:16
end_of_record
TN:
SF:src\middleware\rateLimiter.js
FN:15,(anonymous_0)
FN:36,(anonymous_1)
FN:55,(anonymous_2)
FNF:3
FNH:0
FNDA:0,(anonymous_0)
FNDA:0,(anonymous_1)
FNDA:0,(anonymous_2)
DA:1,1
DA:2,1
DA:5,1
DA:16,0
DA:26,1
DA:37,0
DA:47,1
DA:57,0
DA:60,0
DA:65,1
DA:76,1
LF:11
LH:7
BRF:0
BRH:0
end_of_record
TN:
SF:src\middleware\validation.js
FN:78,(anonymous_0)
FN:79,(anonymous_1)
FN:103,(anonymous_2)
FNF:3
FNH:3
FNDA:8,(anonymous_0)
FNDA:30,(anonymous_1)
FNDA:108,(anonymous_2)
DA:1,1
DA:4,1
DA:78,1
DA:79,8
DA:82,30
DA:84,25
DA:85,25
DA:87,0
DA:88,0
DA:90,5
DA:91,5
DA:93,0
DA:96,30
DA:102,30
DA:103,108
DA:109,27
DA:117,3
DA:119,0
DA:120,0
DA:122,0
DA:123,0
DA:125,3
DA:126,3
DA:129,3
DA:133,1
LF:25
LH:18
BRDA:78,0,0,0
BRDA:82,1,0,25
BRDA:82,1,1,0
BRDA:82,1,2,5
BRDA:82,1,3,0
BRDA:102,2,0,27
BRDA:102,2,1,3
BRDA:117,3,0,0
BRDA:117,3,1,0
BRDA:117,3,2,3
BRF:10
BRH:5
end_of_record
TN:
SF:src\models\Cuota.js
FN:105,(anonymous_0)
FN:120,(anonymous_1)
FN:126,(anonymous_2)
FN:133,(anonymous_3)
FN:140,(anonymous_4)
FNF:5
FNH:0
FNDA:0,(anonymous_0)
FNDA:0,(anonymous_1)
FNDA:0,(anonymous_2)
FNDA:0,(anonymous_3)
FNDA:0,(anonymous_4)
DA:1,1
DA:2,1
DA:4,1
DA:107,0
DA:108,0
DA:112,0
DA:113,0
DA:120,1
DA:121,0
DA:122,0
DA:123,0
DA:126,1
DA:127,0
DA:128,0
DA:129,0
DA:130,0
DA:133,1
DA:134,0
DA:135,0
DA:136,0
DA:140,1
DA:141,0
DA:143,0
DA:156,1
LF:24
LH:8
BRDA:107,0,0,0
BRDA:107,0,1,0
BRDA:107,1,0,0
BRDA:107,1,1,0
BRDA:112,2,0,0
BRDA:112,2,1,0
BRDA:112,3,0,0
BRDA:112,3,1,0
BRDA:123,4,0,0
BRDA:123,4,1,0
BRF:10
BRH:0
end_of_record
TN:
SF:src\models\Socio.js
FN:112,(anonymous_0)
FN:116,(anonymous_1)
FNF:2
FNH:0
FNDA:0,(anonymous_0)
FNDA:0,(anonymous_1)
DA:1,1
DA:2,1
DA:4,1
DA:112,1
DA:113,0
DA:116,1
DA:117,0
DA:118,0
DA:119,0
DA:120,0
DA:122,0
DA:123,0
DA:126,0
DA:129,1
LF:14
LH:6
BRDA:122,0,0,0
BRDA:122,0,1,0
BRDA:122,1,0,0
BRDA:122,1,1,0
BRDA:122,1,2,0
BRF:5
BRH:0
end_of_record
TN:
SF:src\models\index.js
FNF:0
FNH:0
DA:1,1
DA:2,1
DA:3,1
DA:6,1
DA:13,1
DA:21,1
LF:6
LH:6
BRF:0
BRH:0
end_of_record
TN:
SF:src\routes\pagos.js
FNF:0
FNH:0
DA:1,1
DA:2,1
DA:3,1
DA:4,1
DA:5,1
DA:8,1
DA:14,1
DA:17,1
DA:24,1
DA:30,1
DA:36,1
DA:40,1
LF:12
LH:12
BRF:0
BRH:0
end_of_record
TN:
SF:src\routes\socios.js
FNF:0
FNH:0
DA:1,1
DA:2,1
DA:3,1
DA:4,1
DA:7,1
DA:13,1
DA:16,1
DA:22,1
DA:28,1
DA:35,1
DA:41,1
DA:45,1
LF:12
LH:12
BRF:0
BRH:0
end_of_record
TN:
SF:src\services\cronService.js
FN:8,(anonymous_0)
FN:14,(anonymous_1)
FN:29,(anonymous_2)
FN:30,(anonymous_3)
FN:48,(anonymous_4)
FN:49,(anonymous_5)
FN:67,(anonymous_6)
FN:68,(anonymous_7)
FN:86,(anonymous_8)
FN:168,(anonymous_9)
FN:193,(anonymous_10)
FN:277,(anonymous_11)
FN:282,(anonymous_12)
FN:287,(anonymous_13)
FN:293,(anonymous_14)
FN:296,(anonymous_15)
FN:307,(anonymous_16)
FN:310,(anonymous_17)
FNF:18
FNH:1
FNDA:1,(anonymous_0)
FNDA:0,(anonymous_1)
FNDA:0,(anonymous_2)
FNDA:0,(anonymous_3)
FNDA:0,(anonymous_4)
FNDA:0,(anonymous_5)
FNDA:0,(anonymous_6)
FNDA:0,(anonymous_7)
FNDA:0,(anonymous_8)
FNDA:0,(anonymous_9)
FNDA:0,(anonymous_10)
FNDA:0,(anonymous_11)
FNDA:0,(anonymous_12)
FNDA:0,(anonymous_13)
FNDA:0,(anonymous_14)
FNDA:0,(anonymous_15)
FNDA:0,(anonymous_16)
FNDA:0,(anonymous_17)
DA:1,1
DA:2,1
DA:3,1
DA:4,1
DA:5,1
DA:9,1
DA:10,1
DA:15,0
DA:16,0
DA:17,0
DA:20,0
DA:21,0
DA:22,0
DA:24,0
DA:25,0
DA:30,0
DA:31,0
DA:32,0
DA:33,0
DA:35,0
DA:42,0
DA:43,0
DA:44,0
DA:49,0
DA:50,0
DA:51,0
DA:52,0
DA:54,0
DA:61,0
DA:62,0
DA:63,0
DA:68,0
DA:69,0
DA:70,0
DA:71,0
DA:73,0
DA:80,0
DA:81,0
DA:82,0
DA:87,0
DA:88,0
DA:89,0
DA:92,0
DA:111,0
DA:112,0
DA:113,0
DA:116,0
DA:118,0
DA:119,0
DA:121,0
DA:122,0
DA:124,0
DA:125,0
DA:129,0
DA:130,0
DA:131,0
DA:133,0
DA:137,0
DA:138,0
DA:139,0
DA:141,0
DA:145,0
DA:150,0
DA:153,0
DA:154,0
DA:158,0
DA:159,0
DA:162,0
DA:163,0
DA:169,0
DA:170,0
DA:173,0
DA:183,0
DA:184,0
DA:187,0
DA:188,0
DA:194,0
DA:195,0
DA:196,0
DA:199,0
DA:202,0
DA:205,0
DA:209,0
DA:210,0
DA:211,0
DA:214,0
DA:215,0
DA:216,0
DA:219,0
DA:227,0
DA:228,0
DA:230,0
DA:237,0
DA:238,0
DA:239,0
DA:240,0
DA:244,0
DA:246,0
DA:254,0
DA:255,0
DA:258,0
DA:259,0
DA:263,0
DA:268,0
DA:271,0
DA:272,0
DA:278,0
DA:279,0
DA:283,0
DA:284,0
DA:288,0
DA:289,0
DA:294,0
DA:296,0
DA:297,0
DA:298,0
DA:301,0
DA:302,0
DA:303,0
DA:308,0
DA:310,0
DA:311,0
DA:317,0
DA:325,1
LF:124
LH:8
BRDA:15,0,0,0
BRDA:15,0,1,0
BRDA:111,1,0,0
BRDA:111,1,1,0
BRDA:124,2,0,0
BRDA:124,2,1,0
BRDA:209,3,0,0
BRDA:209,3,1,0
BRDA:237,4,0,0
BRDA:237,4,1,0
BRDA:244,5,0,0
BRDA:244,5,1,0
BRF:12
BRH:0
end_of_record
TN:
SF:src\services\emailService.js
FN:5,(anonymous_0)
FN:10,(anonymous_1)
FN:29,(anonymous_2)
FN:41,(anonymous_3)
FN:122,(anonymous_4)
FN:216,(anonymous_5)
FN:300,(anonymous_6)
FNF:7
FNH:6
FNDA:2,(anonymous_0)
FNDA:2,(anonymous_1)
FNDA:0,(anonymous_2)
FNDA:1,(anonymous_3)
FNDA:2,(anonymous_4)
FNDA:1,(anonymous_5)
FNDA:7,(anonymous_6)
DA:1,2
DA:2,2
DA:6,2
DA:7,2
DA:11,2
DA:12,2
DA:13,2
DA:14,2
DA:17,0
DA:29,0
DA:30,0
DA:31,0
DA:33,0
DA:37,0
DA:42,1
DA:43,1
DA:44,1
DA:47,0
DA:102,0
DA:109,0
DA:111,0
DA:117,1
DA:118,1
DA:123,2
DA:124,2
DA:125,2
DA:128,0
DA:129,0
DA:131,0
DA:195,0
DA:202,0
DA:204,0
DA:211,2
DA:212,2
DA:217,1
DA:218,1
DA:219,1
DA:222,0
DA:279,0
DA:286,0
DA:288,0
DA:295,1
DA:296,1
DA:301,7
DA:302,7
DA:303,7
DA:306,0
DA:307,0
DA:312,0
DA:320,0
DA:324,0
DA:408,0
DA:415,0
DA:417,0
DA:424,7
DA:425,7
DA:430,2
LF:57
LH:29
BRDA:12,0,0,2
BRDA:12,0,1,0
BRDA:12,1,0,2
BRDA:12,1,1,0
BRDA:30,2,0,0
BRDA:30,2,1,0
BRDA:43,3,0,1
BRDA:43,3,1,0
BRDA:124,4,0,2
BRDA:124,4,1,0
BRDA:139,5,0,0
BRDA:139,5,1,0
BRDA:141,6,0,0
BRDA:141,6,1,0
BRDA:141,7,0,0
BRDA:141,7,1,0
BRDA:141,8,0,0
BRDA:141,8,1,0
BRDA:150,9,0,0
BRDA:150,9,1,0
BRDA:156,10,0,0
BRDA:156,10,1,0
BRDA:168,11,0,0
BRDA:168,11,1,0
BRDA:198,12,0,0
BRDA:198,12,1,0
BRDA:208,13,0,0
BRDA:208,13,1,0
BRDA:218,14,0,1
BRDA:218,14,1,0
BRDA:258,15,0,0
BRDA:258,15,1,0
BRDA:302,16,0,7
BRDA:302,16,1,0
BRDA:306,17,0,0
BRDA:306,17,1,0
BRDA:307,18,0,0
BRDA:307,18,1,0
BRDA:308,19,0,0
BRDA:308,19,1,0
BRDA:309,20,0,0
BRDA:309,20,1,0
BRDA:310,21,0,0
BRDA:310,21,1,0
BRDA:320,22,0,0
BRDA:320,22,1,0
BRDA:322,23,0,0
BRDA:322,23,1,0
BRDA:351,24,0,0
BRDA:351,24,1,0
BRDA:357,25,0,0
BRDA:357,25,1,0
BRF:52
BRH:6
end_of_record
TN:
SF:src\services\mercadoPagoService.js
FN:6,(anonymous_0)
FN:17,(anonymous_1)
FN:74,(anonymous_2)
FN:99,(anonymous_3)
FN:124,(anonymous_4)
FNF:5
FNH:1
FNDA:1,(anonymous_0)
FNDA:0,(anonymous_1)
FNDA:0,(anonymous_2)
FNDA:0,(anonymous_3)
FNDA:0,(anonymous_4)
DA:1,1
DA:2,1
DA:3,1
DA:7,1
DA:8,1
DA:9,1
DA:12,0
DA:18,0
DA:19,0
DA:20,0
DA:23,0
DA:57,0
DA:59,0
DA:60,0
DA:67,0
DA:69,0
DA:70,0
DA:75,0
DA:76,0
DA:77,0
DA:80,0
DA:82,0
DA:94,0
DA:95,0
DA:100,0
DA:101,0
DA:102,0
DA:105,0
DA:106,0
DA:108,0
DA:117,0
DA:119,0
DA:120,0
DA:125,0
DA:129,1
LF:35
LH:7
BRDA:7,0,0,1
BRDA:7,0,1,0
BRDA:19,1,0,0
BRDA:19,1,1,0
BRDA:59,2,0,0
BRDA:59,2,1,0
BRDA:59,3,0,0
BRDA:59,3,1,0
BRDA:76,4,0,0
BRDA:76,4,1,0
BRDA:101,5,0,0
BRDA:101,5,1,0
BRDA:101,6,0,0
BRDA:101,6,1,0
BRDA:105,7,0,0
BRDA:105,7,1,0
BRF:16
BRH:1
end_of_record
TN:
SF:src\services\smsService.js
FN:5,(anonymous_0)
FN:10,(anonymous_1)
FN:24,(anonymous_2)
FN:62,(anonymous_3)
FN:116,(anonymous_4)
FN:155,(anonymous_5)
FN:183,(anonymous_6)
FNF:7
FNH:2
FNDA:1,(anonymous_0)
FNDA:1,(anonymous_1)
FNDA:0,(anonymous_2)
FNDA:0,(anonymous_3)
FNDA:0,(anonymous_4)
FNDA:0,(anonymous_5)
FNDA:0,(anonymous_6)
DA:1,1
DA:2,1
DA:6,1
DA:7,1
DA:11,1
DA:12,1
DA:13,1
DA:14,1
DA:17,0
DA:18,0
DA:20,0
DA:25,0
DA:26,0
DA:27,0
DA:30,0
DA:44,0
DA:50,0
DA:57,0
DA:58,0
DA:63,0
DA:64,0
DA:65,0
DA:68,0
DA:69,0
DA:71,0
DA:97,0
DA:103,0
DA:111,0
DA:112,0
DA:117,0
DA:118,0
DA:119,0
DA:122,0
DA:136,0
DA:142,0
DA:150,0
DA:151,0
DA:157,0
DA:160,0
DA:161,0
DA:165,0
DA:166,0
DA:170,0
DA:171,0
DA:175,0
DA:176,0
DA:180,0
DA:184,0
DA:185,0
DA:186,0
DA:189,0
DA:191,0
DA:200,0
DA:201,0
DA:206,1
LF:55
LH:9
BRDA:12,0,0,1
BRDA:12,0,1,0
BRDA:12,1,0,1
BRDA:12,1,1,0
BRDA:26,2,0,0
BRDA:26,2,1,0
BRDA:64,3,0,0
BRDA:64,3,1,0
BRDA:71,4,0,0
BRDA:71,4,1,0
BRDA:108,5,0,0
BRDA:108,5,1,0
BRDA:118,6,0,0
BRDA:118,6,1,0
BRDA:132,7,0,0
BRDA:132,7,1,0
BRDA:160,8,0,0
BRDA:160,8,1,0
BRDA:165,9,0,0
BRDA:165,9,1,0
BRDA:170,10,0,0
BRDA:170,10,1,0
BRDA:175,11,0,0
BRDA:175,11,1,0
BRDA:175,12,0,0
BRDA:175,12,1,0
BRDA:185,13,0,0
BRDA:185,13,1,0
BRF:28
BRH:2
end_of_record
